SF:lib/entities/grid_item_entity.dart
DA:8,8
DA:14,3
DA:19,3
DA:20,2
DA:21,3
DA:22,2
LF:6
LH:6
end_of_record
SF:lib/utils/reorderable_grid_utils.dart
DA:19,2
DA:29,2
DA:33,8
DA:34,8
DA:36,4
DA:37,2
DA:38,4
DA:39,4
DA:40,4
DA:41,4
DA:44,2
DA:45,2
DA:46,4
DA:47,4
DA:48,4
DA:53,2
DA:78,2
DA:85,3
DA:87,2
DA:91,4
DA:92,8
DA:94,4
DA:95,8
DA:98,4
DA:99,4
DA:100,4
DA:102,4
DA:103,4
DA:104,4
DA:107,4
DA:108,4
DA:110,8
DA:127,2
DA:134,4
DA:136,2
DA:138,2
DA:139,4
DA:140,2
DA:141,2
DA:142,2
DA:146,2
DA:147,2
DA:172,2
DA:179,4
DA:181,2
DA:184,2
DA:185,4
DA:186,2
DA:187,2
DA:188,2
DA:192,2
DA:193,2
LF:52
LH:52
end_of_record
SF:lib/entities/reorderable_type.dart
DA:1,7
LF:1
LH:1
end_of_record
SF:lib/widgets/reorderable_grid_view.dart
DA:9,1
DA:21,1
DA:36,1
DA:49,1
DA:65,1
DA:80,1
DA:98,1
DA:100,1
DA:101,1
DA:102,1
DA:103,1
DA:104,1
DA:105,1
DA:106,1
DA:107,1
DA:108,1
DA:109,1
DA:110,1
DA:111,1
DA:112,1
DA:113,1
DA:114,1
DA:115,1
DA:116,1
LF:24
LH:24
end_of_record
SF:lib/widgets/reorderable_wrap.dart
DA:37,1
DA:48,1
DA:50,1
DA:52,1
DA:54,1
DA:55,1
DA:56,1
DA:57,1
DA:58,1
DA:59,1
DA:60,1
DA:61,1
DA:62,1
LF:13
LH:13
end_of_record
SF:lib/widgets/animated_draggable_item.dart
DA:19,2
DA:28,2
DA:30,2
DA:32,2
DA:33,4
DA:34,2
DA:35,2
DA:36,2
DA:37,2
DA:38,2
DA:39,8
DA:40,8
DA:41,2
DA:45,2
DA:46,2
DA:47,8
DA:48,8
DA:49,8
DA:50,8
DA:54,2
DA:56,8
DA:57,8
DA:58,8
DA:59,8
LF:24
LH:24
end_of_record
SF:lib/widgets/draggable_item.dart
DA:29,6
DA:38,6
DA:40,6
DA:41,6
DA:64,12
DA:69,6
DA:71,6
DA:74,18
DA:75,12
DA:76,32
DA:81,6
DA:83,6
DA:84,6
DA:85,12
DA:88,12
DA:92,6
DA:93,6
DA:94,6
DA:96,18
DA:97,12
DA:101,12
DA:102,5
DA:103,10
DA:104,5
DA:105,10
DA:106,5
DA:108,5
DA:112,5
DA:113,5
DA:114,10
DA:115,5
DA:117,5
DA:123,3
DA:124,6
DA:126,9
DA:127,9
DA:130,3
DA:132,15
DA:139,2
DA:140,4
LF:40
LH:40
end_of_record
SF:lib/widgets/reorderable.dart
DA:50,3
DA:72,3
DA:143,3
DA:144,3
DA:173,3
DA:175,3
DA:176,6
DA:177,9
DA:178,3
DA:182,3
DA:184,6
DA:185,3
DA:188,1
DA:190,1
DA:193,4
DA:195,6
DA:196,2
DA:197,2
DA:198,1
DA:199,3
DA:200,2
DA:201,3
DA:202,2
DA:206,2
DA:207,4
DA:213,1
DA:215,3
DA:216,3
DA:217,1
DA:220,3
DA:221,1
DA:222,2
DA:223,1
DA:229,3
DA:231,3
DA:232,3
DA:233,3
DA:234,3
DA:235,3
DA:237,8
DA:238,1
DA:239,2
DA:240,2
DA:241,1
DA:242,1
DA:243,2
DA:244,2
DA:245,1
DA:246,2
DA:247,2
DA:248,3
DA:249,3
DA:250,2
DA:252,2
DA:253,1
DA:254,2
DA:255,4
DA:256,4
DA:258,1
DA:263,6
DA:264,3
DA:265,2
DA:266,2
DA:267,2
DA:268,4
DA:269,4
DA:273,2
DA:274,2
DA:275,2
DA:276,2
DA:278,4
DA:279,4
DA:281,4
DA:284,2
DA:285,2
DA:286,2
DA:287,2
DA:289,4
DA:290,4
DA:292,4
DA:293,4
DA:296,2
DA:297,2
DA:298,2
DA:299,2
DA:301,4
DA:302,4
DA:303,4
DA:304,4
DA:306,4
DA:307,4
DA:317,3
DA:318,9
DA:319,6
DA:335,3
DA:340,6
DA:343,9
DA:344,3
DA:347,3
DA:348,3
DA:350,3
DA:351,9
DA:352,9
DA:356,6
DA:360,1
DA:364,2
DA:365,3
DA:367,5
DA:368,1
DA:369,2
DA:370,1
DA:374,3
DA:380,6
DA:381,6
DA:383,18
DA:384,3
DA:385,6
DA:386,3
DA:415,1
DA:421,3
DA:428,1
DA:430,1
DA:434,1
DA:435,2
DA:438,1
DA:439,3
DA:440,3
DA:443,1
DA:444,2
DA:445,1
DA:448,1
DA:449,2
DA:450,1
DA:451,1
DA:455,1
DA:456,2
DA:457,1
DA:460,1
DA:461,2
DA:462,1
DA:463,1
DA:468,1
DA:471,1
DA:472,2
DA:473,1
DA:474,1
DA:478,2
DA:479,2
DA:480,2
DA:485,1
DA:486,2
DA:487,2
DA:488,2
DA:489,2
DA:490,2
DA:493,2
LF:160
LH:160
end_of_record
SF:lib/widgets/reorderable_grid_view_layout.dart
DA:9,1
DA:29,1
LF:2
LH:2
end_of_record
