SF:lib/entities/reorderable_entity.dart
DA:47,11
DA:60,5
DA:71,5
DA:72,4
DA:73,4
DA:74,3
DA:75,4
DA:76,4
DA:77,4
DA:78,3
DA:79,3
DA:80,4
DA:84,8
LF:13
LH:13
end_of_record
SF:lib/widgets/animated/reorderable_animated_container.dart
DA:21,2
DA:28,2
DA:30,2
DA:32,2
DA:33,2
DA:34,2
DA:35,2
DA:36,2
DA:37,2
DA:38,2
DA:39,2
DA:40,2
DA:41,2
DA:42,2
LF:14
LH:14
end_of_record
SF:lib/widgets/animated/reorderable_animated_dragging_container.dart
DA:20,3
DA:25,3
DA:27,3
DA:29,3
DA:30,3
DA:32,3
DA:33,2
DA:34,3
DA:35,3
DA:40,2
DA:41,4
DA:42,4
DA:44,2
DA:46,6
LF:14
LH:14
end_of_record
SF:lib/widgets/animated/reorderable_animated_opacity.dart
DA:16,3
DA:21,3
DA:23,3
DA:25,3
DA:36,3
DA:38,3
DA:40,6
DA:44,12
DA:45,3
DA:48,2
DA:50,2
DA:52,8
DA:53,2
DA:57,3
DA:59,6
DA:60,3
DA:63,3
DA:65,3
DA:66,6
DA:67,6
DA:75,3
DA:76,9
DA:78,3
DA:80,4
DA:81,2
DA:83,2
DA:85,6
DA:86,4
DA:87,4
DA:89,4
DA:90,2
DA:91,2
DA:92,12
DA:95,4
LF:34
LH:34
end_of_record
SF:lib/widgets/animated/reorderable_animated_update_container.dart
DA:24,3
DA:30,3
DA:32,3
DA:34,3
DA:52,3
DA:54,3
DA:56,6
DA:60,6
DA:63,6
DA:64,5
DA:65,4
DA:67,3
DA:68,2
DA:69,6
DA:70,6
DA:71,4
DA:72,2
DA:79,2
DA:82,2
DA:83,4
DA:86,6
DA:87,2
DA:88,6
DA:89,2
DA:92,2
DA:95,3
DA:97,6
DA:98,3
DA:101,3
DA:103,3
DA:104,3
DA:108,3
DA:109,3
DA:110,6
DA:111,2
DA:112,3
DA:113,9
DA:114,9
DA:117,6
DA:123,2
DA:124,6
DA:125,4
DA:127,6
DA:128,4
DA:133,2
DA:134,2
DA:135,2
DA:136,2
DA:150,2
DA:153,6
DA:154,1
DA:156,1
DA:159,2
DA:164,4
LF:54
LH:54
end_of_record
SF:lib/entities/order_update_entity.dart
DA:7,2
DA:12,1
DA:13,3
LF:3
LH:3
end_of_record
SF:lib/widgets/animated/reorderable_draggable.dart
DA:38,2
DA:52,2
DA:54,2
DA:55,2
DA:81,2
DA:83,2
DA:84,6
DA:86,2
DA:88,4
DA:93,5
DA:95,1
DA:97,4
DA:99,6
DA:103,2
DA:105,2
DA:107,8
DA:108,2
DA:112,2
DA:114,4
DA:115,2
DA:118,2
DA:120,4
DA:121,2
DA:122,2
DA:126,2
DA:128,2
DA:129,6
DA:130,6
DA:131,2
DA:133,6
DA:139,7
DA:140,4
DA:141,2
DA:143,2
DA:151,4
DA:153,4
DA:154,2
DA:155,4
DA:156,4
DA:157,2
DA:158,2
DA:164,1
DA:165,2
DA:166,1
DA:167,1
DA:176,2
DA:177,4
DA:180,3
DA:181,1
DA:184,6
DA:185,2
DA:190,2
DA:191,6
DA:192,4
DA:193,2
DA:197,4
DA:198,2
DA:204,2
DA:205,6
DA:207,4
DA:208,6
DA:209,6
DA:210,4
DA:211,2
DA:215,2
DA:222,2
DA:223,8
DA:224,4
DA:228,2
DA:229,4
DA:231,6
LF:71
LH:71
end_of_record
SF:lib/widgets/reorderable_builder.dart
DA:74,1
DA:87,1
DA:88,1
DA:90,1
DA:91,1
DA:120,1
DA:122,1
DA:123,2
DA:126,1
DA:129,3
DA:130,2
DA:132,1
DA:133,1
DA:135,2
DA:138,3
DA:144,1
DA:148,1
DA:150,3
DA:151,3
DA:152,1
DA:155,3
DA:156,1
DA:158,3
DA:159,5
DA:161,2
DA:166,1
DA:168,1
DA:170,4
DA:171,1
DA:175,1
DA:177,2
DA:178,1
DA:181,1
DA:183,3
DA:184,1
DA:185,1
DA:190,1
DA:191,1
DA:192,3
DA:193,5
DA:195,2
DA:196,2
DA:198,4
DA:202,1
DA:203,1
DA:204,3
DA:206,1
DA:207,1
DA:208,1
DA:209,1
DA:210,2
DA:211,1
DA:212,2
DA:213,2
DA:215,1
DA:216,1
DA:217,1
DA:218,1
DA:219,1
DA:221,2
DA:222,2
DA:236,1
DA:240,2
DA:241,1
DA:242,1
DA:247,1
DA:248,1
DA:253,3
DA:254,3
DA:263,1
DA:264,3
DA:265,2
DA:266,1
DA:267,2
DA:272,1
DA:273,1
DA:288,1
DA:289,3
DA:291,2
DA:292,2
DA:295,1
DA:296,1
DA:299,3
DA:300,1
DA:301,2
DA:302,1
DA:303,1
DA:306,2
DA:309,1
DA:311,1
DA:315,3
DA:318,2
DA:319,1
DA:401,1
DA:405,1
DA:407,1
DA:408,1
DA:412,2
DA:423,1
DA:424,1
DA:426,3
DA:430,1
DA:431,1
DA:432,1
DA:434,2
DA:441,1
DA:455,1
DA:458,4
DA:460,1
DA:461,2
DA:462,4
DA:465,1
DA:471,2
DA:472,3
DA:473,2
DA:474,2
DA:476,1
DA:477,1
DA:478,1
DA:483,2
DA:484,1
DA:490,1
DA:499,1
DA:504,1
DA:505,2
DA:507,1
DA:508,1
DA:510,3
DA:511,3
DA:512,4
DA:514,1
DA:531,1
DA:535,2
DA:536,3
DA:541,2
DA:542,2
DA:543,2
DA:545,3
DA:548,2
DA:549,2
DA:550,2
DA:552,2
DA:554,2
DA:555,1
DA:560,1
DA:564,3
DA:565,2
DA:566,2
DA:568,2
DA:573,3
DA:574,3
DA:575,5
DA:576,5
DA:595,1
DA:596,2
DA:599,2
DA:600,3
DA:616,1
DA:623,1
DA:625,1
DA:626,2
DA:627,4
DA:629,2
DA:652,1
DA:654,1
DA:655,1
DA:656,1
DA:658,3
DA:659,2
DA:661,1
DA:662,1
DA:664,2
DA:669,1
DA:673,2
DA:674,2
DA:675,2
DA:676,1
DA:679,2
DA:680,2
DA:684,1
DA:686,2
DA:694,1
DA:696,2
DA:697,1
DA:706,1
DA:707,6
DA:709,3
DA:710,2
DA:711,2
DA:714,1
DA:716,6
DA:718,7
DA:719,3
DA:720,1
DA:723,1
DA:732,1
DA:737,2
DA:739,1
DA:741,1
DA:746,1
DA:748,1
DA:751,1
DA:752,2
DA:754,2
DA:770,1
DA:775,1
DA:777,1
DA:779,2
DA:781,1
DA:783,1
DA:785,1
DA:789,4
DA:793,1
DA:796,2
DA:801,1
DA:802,2
DA:803,3
LF:217
LH:217
end_of_record
